QUERY_STRING=
SYSTEMROOT=C:\WINDOWS
SERVER_ADDR=127.0.0.1
HTTP_ACCEPT_LANGUAGE=ru
SERVER_PROTOCOL=HTTP/1.1
HTTP_CONNECTION=Keep-Alive
SERVER_SIGNATURE=<ADDRESS>Apache/1.3.27 Server at <A HREF="mailto:webmaster@localhost">www_sources_ru</A> Port 80</ADDRESS>

COMSPEC=C:\WINDOWS\system32\cmd.exe
REMOTE_PORT=1728
HTTP_ACCEPT=image/gif, image/x-xbitmap, image/jpeg, image/pjpeg, application/vnd.ms-excel, application/vnd.ms-powerpoint, application/msword, application/x-shockwave-flash, */*
HTTP_USER_AGENT=Mozilla/4.0 (compatible; MSIE 6.0; Windows NT 5.1)
GATEWAY_INTERFACE=CGI/1.1
HTTP_HOST=www_sources_ru
WINDIR=C:\WINDOWS
SERVER_SOFTWARE=Apache/1.3.27 (Win32) PHP/4.3.0
SERVER_ADMIN=webmaster@localhost
REMOTE_ADDR=127.0.0.1
SCRIPT_NAME=/cgi-bin/2.cgi
HTTP_ACCEPT_ENCODING=gzip, deflate
SERVER_NAME=www_sources_ru
DOCUMENT_ROOT=/home/www_sources_ru/htdocs
REQUEST_URI=/cgi-bin/2.cgi
REQUEST_METHOD=GET
SCRIPT_FILENAME=/home/www_sources_ru/htdocs/cgi-bin/2.cgi
PATH=\usr\local\apache\..\php;\usr\local\apache\..\php\extensions;\usr\local\apache\..\php\dlls;C:\WINDOWS\system32;C:\WINDOWS;C:\WINDOWS\System32\Wbem;c:\;c:\dos\;c:\vc;c:\arc;c:\arc\winrar;c:\util
SERVER_PORT=80
---------------------------
QUERY_STRING=
SYSTEMROOT=C:\WINDOWS
SERVER_ADDR=127.0.0.1
HTTP_ACCEPT_LANGUAGE=ru
SERVER_PROTOCOL=HTTP/1.1
HTTP_CONNECTION=Keep-Alive
SERVER_SIGNATURE=<ADDRESS>Apache/1.3.27 Server at <A HREF="mailto:webmaster@localhost">www_sources_ru</A> Port 80</ADDRESS>

COMSPEC=C:\WINDOWS\system32\cmd.exe
REMOTE_PORT=1728
HTTP_ACCEPT=image/gif, image/x-xbitmap, image/jpeg, image/pjpeg, application/vnd.ms-excel, application/vnd.ms-powerpoint, application/msword, application/x-shockwave-flash, */*
HTTP_USER_AGENT=Mozilla/4.0 (compatible; MSIE 6.0; Windows NT 5.1)
GATEWAY_INTERFACE=CGI/1.1
HTTP_HOST=www_sources_ru
WINDIR=C:\WINDOWS
SERVER_SOFTWARE=Apache/1.3.27 (Win32) PHP/4.3.0
SERVER_ADMIN=webmaster@localhost
REMOTE_ADDR=127.0.0.1
SCRIPT_NAME=/cgi-bin/2.cgi
HTTP_ACCEPT_ENCODING=gzip, deflate
SERVER_NAME=www_sources_ru
DOCUMENT_ROOT=/home/www_sources_ru/htdocs
REQUEST_URI=/cgi-bin/2.cgi
REQUEST_METHOD=GET
SCRIPT_FILENAME=/home/www_sources_ru/htdocs/cgi-bin/2.cgi
PATH=\usr\local\apache\..\php;\usr\local\apache\..\php\extensions;\usr\local\apache\..\php\dlls;C:\WINDOWS\system32;C:\WINDOWS;C:\WINDOWS\System32\Wbem;c:\;c:\dos\;c:\vc;c:\arc;c:\arc\winrar;c:\util
SERVER_PORT=80
---------------------------
QUERY_STRING=
SYSTEMROOT=C:\WINDOWS
SERVER_ADDR=127.0.0.1
HTTP_ACCEPT_LANGUAGE=ru
SERVER_PROTOCOL=HTTP/1.1
HTTP_CONNECTION=Keep-Alive
SERVER_SIGNATURE=<ADDRESS>Apache/1.3.27 Server at <A HREF="mailto:webmaster@localhost">www_sources_ru</A> Port 80</ADDRESS>

COMSPEC=C:\WINDOWS\system32\cmd.exe
REMOTE_PORT=1728
HTTP_ACCEPT=image/gif, image/x-xbitmap, image/jpeg, image/pjpeg, application/vnd.ms-excel, application/vnd.ms-powerpoint, application/msword, application/x-shockwave-flash, */*
HTTP_USER_AGENT=Mozilla/4.0 (compatible; MSIE 6.0; Windows NT 5.1)
GATEWAY_INTERFACE=CGI/1.1
HTTP_HOST=www_sources_ru
WINDIR=C:\WINDOWS
SERVER_SOFTWARE=Apache/1.3.27 (Win32) PHP/4.3.0
SERVER_ADMIN=webmaster@localhost
REMOTE_ADDR=127.0.0.1
SCRIPT_NAME=/cgi-bin/2.cgi
HTTP_ACCEPT_ENCODING=gzip, deflate
SERVER_NAME=www_sources_ru
DOCUMENT_ROOT=/home/www_sources_ru/htdocs
REQUEST_URI=/cgi-bin/2.cgi
REQUEST_METHOD=GET
SCRIPT_FILENAME=/home/www_sources_ru/htdocs/cgi-bin/2.cgi
PATH=\usr\local\apache\..\php;\usr\local\apache\..\php\extensions;\usr\local\apache\..\php\dlls;C:\WINDOWS\system32;C:\WINDOWS;C:\WINDOWS\System32\Wbem;c:\;c:\dos\;c:\vc;c:\arc;c:\arc\winrar;c:\util
SERVER_PORT=80
---------------------------
QUERY_STRING=
SYSTEMROOT=C:\WINDOWS
SERVER_ADDR=127.0.0.1
HTTP_ACCEPT_LANGUAGE=ru
SERVER_PROTOCOL=HTTP/1.1
HTTP_CONNECTION=Keep-Alive
SERVER_SIGNATURE=<ADDRESS>Apache/1.3.27 Server at <A HREF="mailto:webmaster@localhost">www_sources_ru</A> Port 80</ADDRESS>

COMSPEC=C:\WINDOWS\system32\cmd.exe
REMOTE_PORT=1736
HTTP_ACCEPT=*/*
HTTP_USER_AGENT=Mozilla/4.0 (compatible; MSIE 6.0; Windows NT 5.1)
GATEWAY_INTERFACE=CGI/1.1
HTTP_HOST=www_sources_ru
WINDIR=C:\WINDOWS
SERVER_SOFTWARE=Apache/1.3.27 (Win32) PHP/4.3.0
SERVER_ADMIN=webmaster@localhost
REMOTE_ADDR=127.0.0.1
SCRIPT_NAME=/cgi-bin/2.cgi
HTTP_ACCEPT_ENCODING=gzip, deflate
SERVER_NAME=www_sources_ru
DOCUMENT_ROOT=/home/www_sources_ru/htdocs
REQUEST_URI=/cgi-bin/2.cgi
REQUEST_METHOD=GET
SCRIPT_FILENAME=/home/www_sources_ru/htdocs/cgi-bin/2.cgi
PATH=\usr\local\apache\..\php;\usr\local\apache\..\php\extensions;\usr\local\apache\..\php\dlls;C:\WINDOWS\system32;C:\WINDOWS;C:\WINDOWS\System32\Wbem;c:\;c:\dos\;c:\vc;c:\arc;c:\arc\winrar;c:\util
SERVER_PORT=80
---------------------------
